<?xml version="1.0" encoding="UTF-8"?>
<testng-results ignored="0" total="1" passed="1" failed="0" skipped="0">
  <reporter-output>
  </reporter-output>
  <suite started-at="2021-10-05T18:02:15 IST" name="Default suite" finished-at="2021-10-05T18:02:18 IST" duration-ms="3123">
    <groups>
    </groups>
    <test started-at="2021-10-05T18:02:15 IST" name="Default test" finished-at="2021-10-05T18:02:18 IST" duration-ms="3123">
      <class name="ApiTesting.TCS002_POST_Request">
        <test-method signature="getDetails()[pri:0, instance:ApiTesting.TCS002_POST_Request@17497425]" started-at="2021-10-05T18:02:15 IST" name="getDetails" finished-at="2021-10-05T18:02:18 IST" duration-ms="3081" status="PASS">
          <reporter-output>
          </reporter-output>
        </test-method> <!-- getDetails -->
      </class> <!-- ApiTesting.TCS002_POST_Request -->
    </test> <!-- Default test -->
  </suite> <!-- Default suite -->
</testng-results>
